<?xml version="1.0" encoding="utf-8" standalone="no"?>
<!DOCTYPE coverage SYSTEM "http://cobertura.sourceforge.net/xml/coverage-04.dtd">
<coverage line-rate="0.21" branch-rate="0" lines-covered="11" lines-valid="52" branches-covered="0" branches-valid="16" complexity="5" version="8.6.0.0" timestamp="1673513389">
  <sources>
    <source>C:\Users\matthijs.prent\Documents\Salland\CM\AltCoverPipesAsClasses\PipesAsClassesBug\PipesAsClassesBug</source>
  </sources>
  <packages>
    <package name="PipesAsClassesBug" line-rate="0.21" branch-rate="0" complexity="1.92">
      <classes>
        <class name="PipesAsClassesBug.SomeMethods" filename="C:\Users\matthijs.prent\Documents\Salland\CM\AltCoverPipesAsClasses\PipesAsClassesBug\PipesAsClassesBug\Library.fs" line-rate="0.18" branch-rate="0" complexity="2.83">
          <methods>
            <method name="BubbleSort" signature="T[] (T[])" line-rate="0" branch-rate="0" complexity="5">
              <lines>
                <line number="28" hits="0" branch="false" />
                <line number="29" hits="0" branch="false" />
                <line number="30" hits="0" branch="true" condition-coverage="0% (0/2)">
                  <conditions>
                    <condition number="19" type="jump" coverage="0%" />
                  </conditions>
                </line>
                <line number="31" hits="0" branch="true" condition-coverage="0% (0/2)">
                  <conditions>
                    <condition number="18" type="jump" coverage="0%" />
                  </conditions>
                </line>
                <line number="32" hits="0" branch="false" />
                <line number="33" hits="0" branch="false" />
                <line number="34" hits="0" branch="true" condition-coverage="0% (0/2)">
                  <conditions>
                    <condition number="15" type="jump" coverage="0%" />
                  </conditions>
                </line>
                <line number="35" hits="0" branch="false" />
                <line number="36" hits="0" branch="false" />
                <line number="37" hits="0" branch="false" />
                <line number="38" hits="0" branch="true" condition-coverage="0% (0/2)">
                  <conditions>
                    <condition number="10" type="jump" coverage="0%" />
                  </conditions>
                </line>
                <line number="39" hits="0" branch="false" />
              </lines>
            </method>
            <method name="GnomeSort" signature="T[] (T[])" line-rate="0" branch-rate="0" complexity="4">
              <lines>
                <line number="56" hits="0" branch="false" />
                <line number="57" hits="0" branch="false" />
                <line number="58" hits="0" branch="false" />
                <line number="59" hits="0" branch="true" condition-coverage="0% (0/2)">
                  <conditions>
                    <condition number="25" type="jump" coverage="0%" />
                  </conditions>
                </line>
                <line number="60" hits="0" branch="true" condition-coverage="0% (0/2)">
                  <conditions>
                    <condition number="35" type="jump" coverage="0%" />
                  </conditions>
                </line>
                <line number="61" hits="0" branch="false" />
                <line number="62" hits="0" branch="false" />
                <line number="64" hits="0" branch="false" />
                <line number="65" hits="0" branch="false" />
                <line number="66" hits="0" branch="false" />
                <line number="67" hits="0" branch="false" />
                <line number="68" hits="0" branch="true" condition-coverage="0% (0/2)">
                  <conditions>
                    <condition number="28" type="jump" coverage="0%" />
                  </conditions>
                </line>
                <line number="69" hits="0" branch="false" />
                <line number="70" hits="0" branch="false" />
                <line number="71" hits="0" branch="false" />
              </lines>
            </method>
            <method name="containsParameter" signature="System.Boolean (System.String,System.String,System.Reflection.MethodInfo)" line-rate="1" branch-rate="0" complexity="5">
              <lines>
                <line number="12" hits="1" branch="false" />
                <line number="13" hits="1" branch="false" />
                <line number="14" hits="1" branch="false" />
              </lines>
            </method>
            <method name="getMethodsWithAttributeInType" signature="Microsoft.FSharp.Collections.FSharpList`1&lt;System.Reflection.MethodInfo&gt; (System.Type,System.String)" line-rate="1" branch-rate="0" complexity="1">
              <lines>
                <line number="17" hits="1" branch="false" />
                <line number="18" hits="1" branch="false" />
                <line number="19" hits="1" branch="false" />
                <line number="20" hits="1" branch="false" />
              </lines>
            </method>
            <method name="hello" signature="System.Void (System.String)" line-rate="0" branch-rate="0" complexity="1">
              <lines>
                <line number="8" hits="0" branch="false" />
              </lines>
            </method>
            <method name="quickSort" signature="Microsoft.FSharp.Collections.FSharpList`1&lt;a&gt; (Microsoft.FSharp.Collections.FSharpList`1&lt;a&gt;)" line-rate="0" branch-rate="0" complexity="1">
              <lines>
                <line number="53" hits="0" branch="false" />
              </lines>
            </method>
          </methods>
          <lines>
            <line number="8" hits="0" branch="false" />
            <line number="12" hits="1" branch="false" />
            <line number="13" hits="1" branch="false" />
            <line number="14" hits="1" branch="false" />
            <line number="17" hits="1" branch="false" />
            <line number="18" hits="1" branch="false" />
            <line number="19" hits="1" branch="false" />
            <line number="20" hits="1" branch="false" />
            <line number="28" hits="0" branch="false" />
            <line number="29" hits="0" branch="false" />
            <line number="30" hits="0" branch="true" condition-coverage="0% (0/2)">
              <conditions>
                <condition number="19" type="jump" coverage="0%" />
              </conditions>
            </line>
            <line number="31" hits="0" branch="true" condition-coverage="0% (0/2)">
              <conditions>
                <condition number="18" type="jump" coverage="0%" />
              </conditions>
            </line>
            <line number="32" hits="0" branch="false" />
            <line number="33" hits="0" branch="false" />
            <line number="34" hits="0" branch="true" condition-coverage="0% (0/2)">
              <conditions>
                <condition number="15" type="jump" coverage="0%" />
              </conditions>
            </line>
            <line number="35" hits="0" branch="false" />
            <line number="36" hits="0" branch="false" />
            <line number="37" hits="0" branch="false" />
            <line number="38" hits="0" branch="true" condition-coverage="0% (0/2)">
              <conditions>
                <condition number="10" type="jump" coverage="0%" />
              </conditions>
            </line>
            <line number="39" hits="0" branch="false" />
            <line number="53" hits="0" branch="false" />
            <line number="56" hits="0" branch="false" />
            <line number="57" hits="0" branch="false" />
            <line number="58" hits="0" branch="false" />
            <line number="59" hits="0" branch="true" condition-coverage="0% (0/2)">
              <conditions>
                <condition number="25" type="jump" coverage="0%" />
              </conditions>
            </line>
            <line number="60" hits="0" branch="true" condition-coverage="0% (0/2)">
              <conditions>
                <condition number="35" type="jump" coverage="0%" />
              </conditions>
            </line>
            <line number="61" hits="0" branch="false" />
            <line number="62" hits="0" branch="false" />
            <line number="64" hits="0" branch="false" />
            <line number="65" hits="0" branch="false" />
            <line number="66" hits="0" branch="false" />
            <line number="67" hits="0" branch="false" />
            <line number="68" hits="0" branch="true" condition-coverage="0% (0/2)">
              <conditions>
                <condition number="28" type="jump" coverage="0%" />
              </conditions>
            </line>
            <line number="69" hits="0" branch="false" />
            <line number="70" hits="0" branch="false" />
            <line number="71" hits="0" branch="false" />
          </lines>
        </class>
        <class name="PipesAsClassesBug.SomeMethods/Pipe #1 stage #1 at line 13@13" filename="C:\Users\matthijs.prent\Documents\Salland\CM\AltCoverPipesAsClasses\PipesAsClassesBug\PipesAsClassesBug\Library.fs" line-rate="1" branch-rate="0" complexity="1">
          <methods>
            <method name="Invoke" signature="System.String (System.Reflection.ParameterInfo)" line-rate="1" branch-rate="0" complexity="1">
              <lines>
                <line number="13" hits="1" branch="false" />
              </lines>
            </method>
          </methods>
          <lines>
            <line number="13" hits="1" branch="false" />
          </lines>
        </class>
        <class name="PipesAsClassesBug.SomeMethods/aux@44TT" filename="C:\Users\matthijs.prent\Documents\Salland\CM\AltCoverPipesAsClasses\PipesAsClassesBug\PipesAsClassesBug\Library.fs" line-rate="0" branch-rate="0" complexity="2">
          <methods>
            <method name="Invoke" signature="c (Microsoft.FSharp.Collections.FSharpList`1&lt;b&gt;,Microsoft.FSharp.Core.FSharpFunc`2&lt;Microsoft.FSharp.Collections.FSharpList`1&lt;b&gt;,c&gt;)" line-rate="0" branch-rate="0" complexity="2">
              <lines>
                <line number="45" hits="0" branch="true" condition-coverage="0% (0/2)">
                  <conditions>
                    <condition number="51" type="jump" coverage="0%" />
                  </conditions>
                </line>
                <line number="46" hits="0" branch="false" />
                <line number="49" hits="0" branch="false" />
                <line number="51" hits="0" branch="false" />
              </lines>
            </method>
          </methods>
          <lines>
            <line number="45" hits="0" branch="true" condition-coverage="0% (0/2)">
              <conditions>
                <condition number="51" type="jump" coverage="0%" />
              </conditions>
            </line>
            <line number="46" hits="0" branch="false" />
            <line number="49" hits="0" branch="false" />
            <line number="51" hits="0" branch="false" />
          </lines>
        </class>
        <class name="PipesAsClassesBug.SomeMethods/aux@49-1" filename="C:\Users\matthijs.prent\Documents\Salland\CM\AltCoverPipesAsClasses\PipesAsClassesBug\PipesAsClassesBug\Library.fs" line-rate="0" branch-rate="0" complexity="1">
          <methods>
            <method name="Invoke" signature="System.Boolean (b)" line-rate="0" branch-rate="0" complexity="1">
              <lines>
                <line number="49" hits="0" branch="false" />
              </lines>
            </method>
          </methods>
          <lines>
            <line number="49" hits="0" branch="false" />
          </lines>
        </class>
        <class name="PipesAsClassesBug.SomeMethods/aux@51-2" filename="C:\Users\matthijs.prent\Documents\Salland\CM\AltCoverPipesAsClasses\PipesAsClassesBug\PipesAsClassesBug\Library.fs" line-rate="0" branch-rate="0" complexity="1">
          <methods>
            <method name="Invoke" signature="c (Microsoft.FSharp.Collections.FSharpList`1&lt;b&gt;)" line-rate="0" branch-rate="0" complexity="1">
              <lines>
                <line number="51" hits="0" branch="false" />
              </lines>
            </method>
          </methods>
          <lines>
            <line number="51" hits="0" branch="false" />
          </lines>
        </class>
        <class name="PipesAsClassesBug.SomeMethods/aux@51-3" filename="C:\Users\matthijs.prent\Documents\Salland\CM\AltCoverPipesAsClasses\PipesAsClassesBug\PipesAsClassesBug\Library.fs" line-rate="0" branch-rate="0" complexity="1">
          <methods>
            <method name="Invoke" signature="c (Microsoft.FSharp.Collections.FSharpList`1&lt;b&gt;)" line-rate="0" branch-rate="0" complexity="1">
              <lines>
                <line number="51" hits="0" branch="false" />
              </lines>
            </method>
          </methods>
          <lines>
            <line number="51" hits="0" branch="false" />
          </lines>
        </class>
        <class name="PipesAsClassesBug.SomeMethods/getMethodsWithAttributeInType@20" filename="C:\Users\matthijs.prent\Documents\Salland\CM\AltCoverPipesAsClasses\PipesAsClassesBug\PipesAsClassesBug\Library.fs" line-rate="1" branch-rate="0" complexity="1">
          <methods>
            <method name="Invoke" signature="System.Boolean (System.Reflection.MethodInfo)" line-rate="1" branch-rate="0" complexity="1">
              <lines>
                <line number="21" hits="5" branch="false" />
                <line number="22" hits="5" branch="false" />
              </lines>
            </method>
          </methods>
          <lines>
            <line number="21" hits="5" branch="false" />
            <line number="22" hits="5" branch="false" />
          </lines>
        </class>
        <class name="PipesAsClassesBug.SomeMethods/getMethodsWithAttributeInType@22-1" filename="C:\Users\matthijs.prent\Documents\Salland\CM\AltCoverPipesAsClasses\PipesAsClassesBug\PipesAsClassesBug\Library.fs" line-rate="1" branch-rate="0" complexity="1">
          <methods>
            <method name="Invoke" signature="System.Boolean (System.Reflection.CustomAttributeData)" line-rate="1" branch-rate="0" complexity="1">
              <lines>
                <line number="22" hits="2" branch="false" />
              </lines>
            </method>
          </methods>
          <lines>
            <line number="22" hits="2" branch="false" />
          </lines>
        </class>
      </classes>
    </package>
  </packages>
</coverage>